proguard/seeds.txt
com.appkefu.appkehu_2.AppApplication
com.appkefu.appkehu_2.AppApplication: AppApplication()
com.appkefu.appkehu_2.LoginActivity
com.appkefu.appkehu_2.LoginActivity: LoginActivity()
com.appkefu.appkehu_2.R$anim: int appkefu_cancel_rc
com.appkefu.appkehu_2.R$anim: int appkefu_cancel_rc2
com.appkefu.appkehu_2.R$anim: int appkefu_rotate_and_scale
com.appkefu.appkehu_2.R$color: int appkefu_black
com.appkefu.appkehu_2.R$color: int appkefu_face_bg
com.appkefu.appkehu_2.R$color: int appkefu_sc_transparent_background
com.appkefu.appkehu_2.R$drawable: int appkefu_amp1
com.appkefu.appkehu_2.R$drawable: int appkefu_amp2
com.appkefu.appkehu_2.R$drawable: int appkefu_amp3
com.appkefu.appkehu_2.R$drawable: int appkefu_amp4
com.appkefu.appkehu_2.R$drawable: int appkefu_amp5
com.appkefu.appkehu_2.R$drawable: int appkefu_amp6
com.appkefu.appkehu_2.R$drawable: int appkefu_amp7
com.appkefu.appkehu_2.R$drawable: int appkefu_arrow_down
com.appkefu.appkehu_2.R$drawable: int appkefu_arrow_up
com.appkefu.appkehu_2.R$drawable: int appkefu_call_selector
com.appkefu.appkehu_2.R$drawable: int appkefu_camera_btn_nor
com.appkefu.appkehu_2.R$drawable: int appkefu_chat_bg_default
com.appkefu.appkehu_2.R$drawable: int appkefu_chat_footer_bg
com.appkefu.appkehu_2.R$drawable: int appkefu_chat_send_btn
com.appkefu.appkehu_2.R$drawable: int appkefu_chatfrom_bg
com.appkefu.appkehu_2.R$drawable: int appkefu_chatfrom_bg_focused
com.appkefu.appkehu_2.R$drawable: int appkefu_chatfrom_bg_normal
com.appkefu.appkehu_2.R$drawable: int appkefu_chatfrom_bg_pressed
com.appkefu.appkehu_2.R$drawable: int appkefu_chatfrom_voice_playing
com.appkefu.appkehu_2.R$drawable: int appkefu_chatfrom_voice_playing_f1
com.appkefu.appkehu_2.R$drawable: int appkefu_chatfrom_voice_playing_f2
com.appkefu.appkehu_2.R$drawable: int appkefu_chatfrom_voice_playing_f3
com.appkefu.appkehu_2.R$drawable: int appkefu_chatting_setmode_biaoqing_btn
com.appkefu.appkehu_2.R$drawable: int appkefu_chatting_setmode_biaoqing_btn_focused
com.appkefu.appkehu_2.R$id: int btn_back
com.appkefu.appkehu_2.R$id: int btn_bottom
com.appkefu.appkehu_2.R$id: int btn_rcd
com.appkefu.appkehu_2.R$id: int btn_send
com.appkefu.appkehu_2.R$id: int chat_name
com.appkefu.appkehu_2.R$id: int chatting_biaoqing_btn
com.appkefu.appkehu_2.R$id: int chatting_biaoqing_focuse_btn
com.appkefu.appkehu_2.R$id: int content_ly
com.appkefu.appkehu_2.R$id: int del_re
com.appkefu.appkehu_2.R$id: int delay_voice_select
com.appkefu.appkehu_2.R$id: int et_sendmessage
com.appkefu.appkehu_2.R$id: int image
com.appkefu.appkehu_2.R$id: int imageView1
com.appkefu.appkehu_2.R$id: int img1
com.appkefu.appkehu_2.R$id: int img_chatcontent
com.appkefu.appkehu_2.R$id: int img_sendtime
com.appkefu.appkehu_2.R$id: int img_time
com.appkefu.appkehu_2.R$id: int img_userhead
com.appkefu.appkehu_2.R$id: int img_username
com.appkefu.appkehu_2.R$id: int intercom_select
com.appkefu.appkehu_2.R$id: int ivPopUp
com.appkefu.appkehu_2.R$id: int list
com.appkefu.appkehu_2.R$id: int listview
com.appkefu.appkehu_2.R$id: int ll_anniu
com.appkefu.appkehu_2.R$id: int logo_icon
com.appkefu.appkehu_2.R$id: int menu_settings
com.appkefu.appkehu_2.R$id: int page0_select
com.appkefu.appkehu_2.R$id: int page1_select
com.appkefu.appkehu_2.R$id: int page2_select
com.appkefu.appkehu_2.R$id: int page_select
com.appkefu.appkehu_2.R$id: int progressBar1
com.appkefu.appkehu_2.R$id: int rcChat_popup
com.appkefu.appkehu_2.R$id: int right_btn
com.appkefu.appkehu_2.R$id: int rl_bottom
...
android.support.v4.view.PagerTabStrip: void setTabIndicatorColor(int)
android.support.v4.view.PagerTabStrip: void setTabIndicatorColorResource(int)
android.support.v4.view.PagerTabStrip: int getTabIndicatorColor()
android.support.v4.view.PagerTabStrip: void setTextSpacing(int)
android.support.v4.view.PagerTabStrip: void setBackgroundDrawable(android.graphics.drawable.Drawable)
android.support.v4.view.PagerTabStrip: void setBackgroundColor(int)
android.support.v4.view.PagerTabStrip: void setBackgroundResource(int)
android.support.v4.view.PagerTabStrip: void setDrawFullUnderline(boolean)
android.support.v4.view.PagerTabStrip: boolean getDrawFullUnderline()
android.support.v4.view.PagerTabStrip: int getMinHeight()
android.support.v4.view.PagerTitleStrip: void setSingleLineAllCaps(android.widget.TextView)
android.support.v4.view.PagerTitleStrip: void setTextSpacing(int)
android.support.v4.view.PagerTitleStrip: int getTextSpacing()
android.support.v4.view.PagerTitleStrip: void setNonPrimaryAlpha(float)
android.support.v4.view.PagerTitleStrip: void setTextColor(int)
android.support.v4.view.PagerTitleStrip: void setGravity(int)
android.support.v4.view.PagerTitleStrip: int getMinHeight()
android.support.v4.view.ViewPager
android.support.v4.view.ViewPager: ViewPager(android.content.Context)
android.support.v4.view.ViewPager: ViewPager(android.content.Context,android.util.AttributeSet)
android.support.v4.view.ViewPager: void setScrollState(int)
android.support.v4.view.ViewPager: void setAdapter(android.support.v4.view.PagerAdapter)
android.support.v4.view.ViewPager: android.support.v4.view.PagerAdapter getAdapter()
android.support.v4.view.ViewPager: void setOnAdapterChangeListener(android.support.v4.view.ViewPager$OnAdapterChangeListener)
android.support.v4.view.ViewPager: int getClientWidth()
android.support.v4.view.ViewPager: void setCurrentItem(int)
android.support.v4.view.ViewPager: int getCurrentItem()
android.support.v4.view.ViewPager: void setOnPageChangeListener(android.support.v4.view.ViewPager$OnPageChangeListener)
android.support.v4.view.ViewPager: void setChildrenDrawingOrderEnabledCompat(boolean)
android.support.v4.view.ViewPager: int getOffscreenPageLimit()
android.support.v4.view.ViewPager: void setOffscreenPageLimit(int)
android.support.v4.view.ViewPager: void setPageMargin(int)
android.support.v4.view.ViewPager: int getPageMargin()
android.support.v4.view.ViewPager: void setPageMarginDrawable(android.graphics.drawable.Drawable)
android.support.v4.view.ViewPager: void setPageMarginDrawable(int)
android.support.v4.view.ViewPager: void setScrollingCacheEnabled(boolean)
android.support.v4.view.ViewPager$SavedState
android.support.v4.view.ViewPager$SavedState: android.os.Parcelable$Creator CREATOR
android.support.v4.widget.DrawerLayout: void setScrimColor(int)
android.support.v4.widget.DrawerLayout: void setDrawerListener(android.support.v4.widget.DrawerLayout$DrawerListener)
android.support.v4.widget.DrawerLayout: void setDrawerLockMode(int)
android.support.v4.widget.DrawerLayout$SavedState
android.support.v4.widget.DrawerLayout$SavedState: android.os.Parcelable$Creator CREATOR
android.support.v4.widget.SlidingPaneLayout: void setParallaxDistance(int)
android.support.v4.widget.SlidingPaneLayout: int getParallaxDistance()
android.support.v4.widget.SlidingPaneLayout: void setSliderFadeColor(int)
android.support.v4.widget.SlidingPaneLayout: int getSliderFadeColor()
android.support.v4.widget.SlidingPaneLayout: void setCoveredFadeColor(int)
android.support.v4.widget.SlidingPaneLayout: int getCoveredFadeColor()
android.support.v4.widget.SlidingPaneLayout: void setPanelSlideListener(android.support.v4.widget.SlidingPaneLayout$PanelSlideListener)
android.support.v4.widget.SlidingPaneLayout: void setShadowDrawable(android.graphics.drawable.Drawable)
android.support.v4.widget.SlidingPaneLayout: void setShadowResource(int)