proguard/mapping.txt
com.appkefu.appkehu_2.AppApplication -> com.appkefu.appkehu_2.AppApplication:
    boolean mIsConnected -> a
    void onCreate() -> onCreate
    void onTerminate() -> onTerminate
    boolean isConnected() -> a
    void setConnected(boolean) -> a
com.appkefu.appkehu_2.LoginActivity -> com.appkefu.appkehu_2.LoginActivity:
    java.lang.String TAG -> a
    com.appkefu.lib.service.XmppFacade mXmppFacade -> b
    android.os.AsyncTask mLoginTask -> c
    boolean mBinded -> d
    java.lang.String selfDefinedUserId -> e
    android.content.ServiceConnection conn -> f
    void onCreate(android.os.Bundle) -> onCreate
    void onStart() -> onStart
    void onRestart() -> onRestart
    void onResume() -> onResume
    void onPause() -> onPause
    void onStop() -> onStop
    void onDestroy() -> onDestroy
    java.lang.String access$0() -> a
    void access$1(com.appkefu.appkehu_2.LoginActivity,com.appkefu.lib.service.XmppFacade) -> a
    android.os.AsyncTask access$2(com.appkefu.appkehu_2.LoginActivity) -> a
    com.appkefu.lib.service.XmppFacade access$3(com.appkefu.appkehu_2.LoginActivity) -> b
    void access$4(com.appkefu.appkehu_2.LoginActivity,boolean) -> a
com.appkefu.appkehu_2.LoginActivity$1 -> com.appkefu.appkehu_2.a:
    com.appkefu.appkehu_2.LoginActivity this$0 -> a
    void onServiceDisconnected(android.content.ComponentName) -> onServiceDisconnected
    void onServiceConnected(android.content.ComponentName,android.os.IBinder) -> onServiceConnected
com.appkefu.appkehu_2.LoginActivity$LoginTask -> com.appkefu.appkehu_2.b:
    java.lang.String mVisitorName -> b
    com.appkefu.appkehu_2.LoginActivity this$0 -> a
    java.lang.Boolean doInBackground(com.appkefu.lib.service.XmppFacade[]) -> a
    void onPostExecute(java.lang.Boolean) -> a
    void onCancelled() -> onCancelled
    void onPostExecute(java.lang.Object) -> onPostExecute
com.appkefu.appkehu_2.TravelTicketsActivity -> com.appkefu.appkehu_2.TravelTicketsActivity:
    java.lang.String TAG -> a
    com.appkefu.appkehu_2.AppApplication app -> b
    android.widget.ImageButton chatButton -> c
    android.view.View$OnClickListener listener -> d
    void onCreate(android.os.Bundle) -> onCreate
    void onStart() -> onStart
    void onActivityResult(int,int,android.content.Intent) -> onActivityResult
    void onRestart() -> onRestart
    void onResume() -> onResume
    void onPause() -> onPause
    void onStop() -> onStop
    void onDestroy() -> onDestroy
    void startChat(java.lang.String,java.lang.String) -> a
    void access$0(com.appkefu.appkehu_2.TravelTicketsActivity,java.lang.String,java.lang.String) -> a
com.appkefu.appkehu_2.TravelTicketsActivity$1 -> com.appkefu.appkehu_2.c:
    com.appkefu.appkehu_2.TravelTicketsActivity this$0 -> a
    void onClick(android.view.View) -> onClick
...
android.support.v4.view.ViewPager$LayoutParams -> android.support.v4.view.bh:
    boolean isDecor -> a
    int gravity -> b
    float widthFactor -> c
    boolean needsMeasure -> d
    int position -> e
    int childIndex -> f
android.support.v4.view.ViewPager$MyAccessibilityDelegate -> android.support.v4.view.bi:
    android.support.v4.view.ViewPager this$0 -> b
    void onInitializeAccessibilityEvent(android.view.View,android.view.accessibility.AccessibilityEvent) -> d
    void onInitializeAccessibilityNodeInfo(android.view.View,android.support.v4.view.accessibility.AccessibilityNodeInfoCompat) -> a
    boolean performAccessibilityAction(android.view.View,int,android.os.Bundle) -> a
android.support.v4.view.ViewPager$OnAdapterChangeListener -> android.support.v4.view.bj:
    void onAdapterChanged(android.support.v4.view.PagerAdapter,android.support.v4.view.PagerAdapter) -> a
android.support.v4.view.ViewPager$OnPageChangeListener -> android.support.v4.view.bk:
    void onPageScrolled(int,float,int) -> a
    void onPageSelected(int) -> a
    void onPageScrollStateChanged(int) -> b
android.support.v4.view.ViewPager$PageTransformer -> android.support.v4.view.bl:
    void transformPage(android.view.View,float) -> a
android.support.v4.view.ViewPager$PagerObserver -> android.support.v4.view.bm:
    android.support.v4.view.ViewPager this$0 -> a
    void onChanged() -> onChanged
    void onInvalidated() -> onInvalidated
android.support.v4.view.ViewPager$SavedState -> android.support.v4.view.ViewPager$SavedState:
    int position -> a
    android.os.Parcelable adapterState -> b
    java.lang.ClassLoader loader -> c
    android.os.Parcelable$Creator CREATOR -> CREATOR
    void writeToParcel(android.os.Parcel,int) -> writeToParcel
    java.lang.String toString() -> toString
android.support.v4.view.ViewPager$SavedState$1 -> android.support.v4.view.bn:
    android.support.v4.view.ViewPager$SavedState createFromParcel(android.os.Parcel,java.lang.ClassLoader) -> b
    android.support.v4.view.ViewPager$SavedState[] newArray(int) -> b
    java.lang.Object[] newArray(int) -> a
    java.lang.Object createFromParcel(android.os.Parcel,java.lang.ClassLoader) -> a
android.support.v4.view.ViewPager$ViewPositionComparator -> android.support.v4.view.bo:
    int compare(android.view.View,android.view.View) -> a
    int compare(java.lang.Object,java.lang.Object) -> compare
android.support.v4.view.accessibility.AccessibilityNodeInfoCompat -> android.support.v4.view.a.a:
    android.support.v4.view.accessibility.AccessibilityNodeInfoCompat$AccessibilityNodeInfoImpl IMPL -> a
    java.lang.Object mInfo -> b
    java.lang.Object getInfo() -> a
    void addAction(int) -> a
    void setScrollable(boolean) -> a
    void setClassName(java.lang.CharSequence) -> a
    int hashCode() -> hashCode
    boolean equals(java.lang.Object) -> equals
android.support.v4.view.accessibility.AccessibilityNodeInfoCompat$AccessibilityNodeInfoIcsImpl -> android.support.v4.view.a.b:
    void addAction(java.lang.Object,int) -> a
    void setClassName(java.lang.Object,java.lang.CharSequence) -> a
    void setScrollable(java.lang.Object,boolean) -> a
android.support.v4.view.accessibility.AccessibilityNodeInfoCompat$AccessibilityNodeInfoImpl -> android.support.v4.view.a.c:
    void addAction(java.lang.Object,int) -> a
    void setScrollable(java.lang.Object,boolean) -> a
    void setClassName(java.lang.Object,java.lang.CharSequence) -> a
android.support.v4.view.accessibility.AccessibilityNodeInfoCompat$AccessibilityNodeInfoJellybeanImpl -> android.support.v4.view.a.d:
android.support.v4.view.accessibility.AccessibilityNodeInfoCompat$AccessibilityNodeInfoStubImpl -> android.support.v4.view.a.e:
    void addAction(java.lang.Object,int) -> a
    void setClassName(java.lang.Object,java.lang.CharSequence) -> a
    void setScrollable(java.lang.Object,boolean) -> a