proguard/usage.txt
com.appkefu.appkehu_2.BuildConfig
com.appkefu.appkehu_2.R
com.appkefu.appkehu_2.R$anim
com.appkefu.appkehu_2.R$attr
com.appkefu.appkehu_2.R$color
com.appkefu.appkehu_2.R$drawable
com.appkefu.appkehu_2.R$id
com.appkefu.appkehu_2.R$layout
com.appkefu.appkehu_2.R$menu
com.appkefu.appkehu_2.R$string
com.appkefu.appkehu_2.R$style
com.appkefu.appkehu_2.TravelTicketsActivity:
    private static final int LOGIN_REQUEST_CODE
    private static final java.lang.String SERIAL_KEY
...
org.jivesoftware.smackx.bytestreams.socks5.packet.Bytestream$StreamHostUsed
org.jivesoftware.smackx.bytestreams.socks5.provider.BytestreamsProvider
org.jivesoftware.smackx.carbons.Carbon
org.jivesoftware.smackx.carbons.Carbon$Direction
org.jivesoftware.smackx.carbons.Carbon$Private
org.jivesoftware.smackx.carbons.Carbon$Provider
org.jivesoftware.smackx.carbons.CarbonManager
org.jivesoftware.smackx.carbons.CarbonManager$1
org.jivesoftware.smackx.carbons.CarbonManager$2
org.jivesoftware.smackx.carbons.CarbonManager$3
org.jivesoftware.smackx.commands.AdHocCommand
org.jivesoftware.smackx.commands.AdHocCommand$Action
org.jivesoftware.smackx.commands.AdHocCommand$SpecificErrorCondition
org.jivesoftware.smackx.commands.AdHocCommand$Status
org.jivesoftware.smackx.commands.AdHocCommandManager
org.jivesoftware.smackx.commands.AdHocCommandManager$1
org.jivesoftware.smackx.commands.AdHocCommandManager$2
org.jivesoftware.smackx.commands.AdHocCommandManager$3
org.jivesoftware.smackx.commands.AdHocCommandManager$4
org.jivesoftware.smackx.commands.AdHocCommandManager$5
org.jivesoftware.smackx.commands.AdHocCommandManager$6
org.jivesoftware.smackx.commands.AdHocCommandManager$7
org.jivesoftware.smackx.commands.AdHocCommandManager$AdHocCommandInfo
org.jivesoftware.smackx.commands.AdHocCommandNote
org.jivesoftware.smackx.commands.AdHocCommandNote$Type
org.jivesoftware.smackx.commands.LocalCommand
org.jivesoftware.smackx.commands.LocalCommandFactory
org.jivesoftware.smackx.commands.RemoteCommand
org.jivesoftware.smackx.entitycaps.EntityCapsManager
org.jivesoftware.smackx.entitycaps.EntityCapsManager$1
org.jivesoftware.smackx.entitycaps.EntityCapsManager$2
org.jivesoftware.smackx.entitycaps.EntityCapsManager$3
org.jivesoftware.smackx.entitycaps.EntityCapsManager$4
org.jivesoftware.smackx.entitycaps.EntityCapsManager$5
org.jivesoftware.smackx.entitycaps.EntityCapsManager$6
org.jivesoftware.smackx.entitycaps.EntityCapsManager$7
org.jivesoftware.smackx.entitycaps.EntityCapsManager$8
org.jivesoftware.smackx.entitycaps.EntityCapsManager$NodeVerHash
org.jivesoftware.smackx.entitycaps.cache.EntityCapsPersistentCache
org.jivesoftware.smackx.entitycaps.cache.SimpleDirectoryPersistentCache
org.jivesoftware.smackx.entitycaps.packet.CapsExtension
org.jivesoftware.smackx.entitycaps.provider.CapsExtensionProvider
org.jivesoftware.smackx.filetransfer.FaultTolerantNegotiator
org.jivesoftware.smackx.filetransfer.FaultTolerantNegotiator$NegotiatorService
org.jivesoftware.smackx.filetransfer.FileTransfer
org.jivesoftware.smackx.filetransfer.FileTransfer$Error
org.jivesoftware.smackx.filetransfer.FileTransfer$Status
org.jivesoftware.smackx.filetransfer.FileTransferListener
org.jivesoftware.smackx.filetransfer.FileTransferManager
org.jivesoftware.smackx.filetransfer.FileTransferManager$1
org.jivesoftware.smackx.filetransfer.FileTransferNegotiator
org.jivesoftware.smackx.filetransfer.FileTransferNegotiator$1
org.jivesoftware.smackx.filetransfer.FileTransferNegotiator$2
org.jivesoftware.smackx.filetransfer.FileTransferRequest
org.jivesoftware.smackx.filetransfer.IBBTransferNegotiator
org.jivesoftware.smackx.filetransfer.IBBTransferNegotiator$ByteStreamRequest
org.jivesoftware.smackx.filetransfer.IBBTransferNegotiator$IBBOpenSidFilter
org.jivesoftware.smackx.filetransfer.IncomingFileTransfer
org.jivesoftware.smackx.filetransfer.IncomingFileTransfer$1
org.jivesoftware.smackx.filetransfer.IncomingFileTransfer$2
org.jivesoftware.smackx.filetransfer.OutgoingFileTransfer
org.jivesoftware.smackx.filetransfer.OutgoingFileTransfer$1
org.jivesoftware.smackx.filetransfer.OutgoingFileTransfer$2
org.jivesoftware.smackx.filetransfer.OutgoingFileTransfer$3
org.jivesoftware.smackx.filetransfer.OutgoingFileTransfer$NegotiationProgress
org.jivesoftware.smackx.filetransfer.Socks5TransferNegotiator
org.jivesoftware.smackx.filetransfer.Socks5TransferNegotiator$ByteStreamRequest
org.jivesoftware.smackx.filetransfer.Socks5TransferNegotiator$BytestreamSIDFilter